<?xml version="1.0" encoding="UTF-8"?>
<testsuite xmlns:xsi="http://www.w3.org/2001/XMLSchema-instance" xsi:noNamespaceSchemaLocation="https://maven.apache.org/surefire/maven-surefire-plugin/xsd/surefire-test-report-3.0.xsd" version="3.0" name="com.exam.RunCucumberTest" time="0.1" tests="2" errors="0" skipped="0" failures="0">
  <properties>
    <property name="java.specification.version" value="20"/>
    <property name="sun.jnu.encoding" value="UTF-8"/>
    <property name="java.class.path" value="/Users/ajayjogiya/ajy/hokage/javaPractice/exam/target/test-classes:/Users/ajayjogiya/ajy/hokage/javaPractice/exam/target/classes:/Users/ajayjogiya/.m2/repository/io/cucumber/cucumber-java/7.13.0/cucumber-java-7.13.0.jar:/Users/ajayjogiya/.m2/repository/io/cucumber/cucumber-core/7.13.0/cucumber-core-7.13.0.jar:/Users/ajayjogiya/.m2/repository/io/cucumber/cucumber-gherkin/7.13.0/cucumber-gherkin-7.13.0.jar:/Users/ajayjogiya/.m2/repository/io/cucumber/cucumber-gherkin-messages/7.13.0/cucumber-gherkin-messages-7.13.0.jar:/Users/ajayjogiya/.m2/repository/io/cucumber/gherkin/26.2.0/gherkin-26.2.0.jar:/Users/ajayjogiya/.m2/repository/io/cucumber/messages/22.0.0/messages-22.0.0.jar:/Users/ajayjogiya/.m2/repository/io/cucumber/tag-expressions/5.0.1/tag-expressions-5.0.1.jar:/Users/ajayjogiya/.m2/repository/io/cucumber/cucumber-expressions/16.1.2/cucumber-expressions-16.1.2.jar:/Users/ajayjogiya/.m2/repository/io/cucumber/datatable/7.13.0/datatable-7.13.0.jar:/Users/ajayjogiya/.m2/repository/io/cucumber/cucumber-plugin/7.13.0/cucumber-plugin-7.13.0.jar:/Users/ajayjogiya/.m2/repository/io/cucumber/docstring/7.13.0/docstring-7.13.0.jar:/Users/ajayjogiya/.m2/repository/io/cucumber/html-formatter/20.3.1/html-formatter-20.3.1.jar:/Users/ajayjogiya/.m2/repository/io/cucumber/junit-xml-formatter/0.2.0/junit-xml-formatter-0.2.0.jar:/Users/ajayjogiya/.m2/repository/io/cucumber/ci-environment/9.2.0/ci-environment-9.2.0.jar:/Users/ajayjogiya/.m2/repository/org/apiguardian/apiguardian-api/1.1.2/apiguardian-api-1.1.2.jar:/Users/ajayjogiya/.m2/repository/io/cucumber/cucumber-junit-platform-engine/7.13.0/cucumber-junit-platform-engine-7.13.0.jar:/Users/ajayjogiya/.m2/repository/org/junit/platform/junit-platform-engine/1.9.3/junit-platform-engine-1.9.3.jar:/Users/ajayjogiya/.m2/repository/org/opentest4j/opentest4j/1.2.0/opentest4j-1.2.0.jar:/Users/ajayjogiya/.m2/repository/org/junit/platform/junit-platform-commons/1.9.3/junit-platform-commons-1.9.3.jar:/Users/ajayjogiya/.m2/repository/org/junit/platform/junit-platform-suite/1.9.3/junit-platform-suite-1.9.3.jar:/Users/ajayjogiya/.m2/repository/org/junit/platform/junit-platform-suite-api/1.9.3/junit-platform-suite-api-1.9.3.jar:/Users/ajayjogiya/.m2/repository/org/junit/platform/junit-platform-suite-engine/1.9.3/junit-platform-suite-engine-1.9.3.jar:/Users/ajayjogiya/.m2/repository/org/junit/platform/junit-platform-suite-commons/1.9.3/junit-platform-suite-commons-1.9.3.jar:/Users/ajayjogiya/.m2/repository/org/junit/platform/junit-platform-launcher/1.9.3/junit-platform-launcher-1.9.3.jar:/Users/ajayjogiya/.m2/repository/org/junit/jupiter/junit-jupiter/5.9.3/junit-jupiter-5.9.3.jar:/Users/ajayjogiya/.m2/repository/org/junit/jupiter/junit-jupiter-api/5.9.3/junit-jupiter-api-5.9.3.jar:/Users/ajayjogiya/.m2/repository/org/junit/jupiter/junit-jupiter-params/5.9.3/junit-jupiter-params-5.9.3.jar:/Users/ajayjogiya/.m2/repository/org/junit/jupiter/junit-jupiter-engine/5.9.3/junit-jupiter-engine-5.9.3.jar:"/>
    <property name="java.vm.vendor" value="Homebrew"/>
    <property name="sun.arch.data.model" value="64"/>
    <property name="java.vendor.url" value="https://github.com/Homebrew/homebrew-core/issues"/>
    <property name="user.timezone" value="Asia/Kolkata"/>
    <property name="os.name" value="Mac OS X"/>
    <property name="java.vm.specification.version" value="20"/>
    <property name="sun.java.launcher" value="SUN_STANDARD"/>
    <property name="user.country" value="IN"/>
    <property name="sun.boot.library.path" value="/opt/homebrew/Cellar/openjdk/20.0.1/libexec/openjdk.jdk/Contents/Home/lib"/>
    <property name="sun.java.command" value="/Users/ajayjogiya/ajy/hokage/javaPractice/exam/target/surefire/surefirebooter-20230911084308364_3.jar /Users/ajayjogiya/ajy/hokage/javaPractice/exam/target/surefire 2023-09-11T08-43-08_302-jvmRun1 surefire-20230911084308364_1tmp surefire_0-20230911084308364_2tmp"/>
    <property name="http.nonProxyHosts" value="local|*.local|169.254/16|*.169.254/16"/>
    <property name="jdk.debug" value="release"/>
    <property name="surefire.test.class.path" value="/Users/ajayjogiya/ajy/hokage/javaPractice/exam/target/test-classes:/Users/ajayjogiya/ajy/hokage/javaPractice/exam/target/classes:/Users/ajayjogiya/.m2/repository/io/cucumber/cucumber-java/7.13.0/cucumber-java-7.13.0.jar:/Users/ajayjogiya/.m2/repository/io/cucumber/cucumber-core/7.13.0/cucumber-core-7.13.0.jar:/Users/ajayjogiya/.m2/repository/io/cucumber/cucumber-gherkin/7.13.0/cucumber-gherkin-7.13.0.jar:/Users/ajayjogiya/.m2/repository/io/cucumber/cucumber-gherkin-messages/7.13.0/cucumber-gherkin-messages-7.13.0.jar:/Users/ajayjogiya/.m2/repository/io/cucumber/gherkin/26.2.0/gherkin-26.2.0.jar:/Users/ajayjogiya/.m2/repository/io/cucumber/messages/22.0.0/messages-22.0.0.jar:/Users/ajayjogiya/.m2/repository/io/cucumber/tag-expressions/5.0.1/tag-expressions-5.0.1.jar:/Users/ajayjogiya/.m2/repository/io/cucumber/cucumber-expressions/16.1.2/cucumber-expressions-16.1.2.jar:/Users/ajayjogiya/.m2/repository/io/cucumber/datatable/7.13.0/datatable-7.13.0.jar:/Users/ajayjogiya/.m2/repository/io/cucumber/cucumber-plugin/7.13.0/cucumber-plugin-7.13.0.jar:/Users/ajayjogiya/.m2/repository/io/cucumber/docstring/7.13.0/docstring-7.13.0.jar:/Users/ajayjogiya/.m2/repository/io/cucumber/html-formatter/20.3.1/html-formatter-20.3.1.jar:/Users/ajayjogiya/.m2/repository/io/cucumber/junit-xml-formatter/0.2.0/junit-xml-formatter-0.2.0.jar:/Users/ajayjogiya/.m2/repository/io/cucumber/ci-environment/9.2.0/ci-environment-9.2.0.jar:/Users/ajayjogiya/.m2/repository/org/apiguardian/apiguardian-api/1.1.2/apiguardian-api-1.1.2.jar:/Users/ajayjogiya/.m2/repository/io/cucumber/cucumber-junit-platform-engine/7.13.0/cucumber-junit-platform-engine-7.13.0.jar:/Users/ajayjogiya/.m2/repository/org/junit/platform/junit-platform-engine/1.9.3/junit-platform-engine-1.9.3.jar:/Users/ajayjogiya/.m2/repository/org/opentest4j/opentest4j/1.2.0/opentest4j-1.2.0.jar:/Users/ajayjogiya/.m2/repository/org/junit/platform/junit-platform-commons/1.9.3/junit-platform-commons-1.9.3.jar:/Users/ajayjogiya/.m2/repository/org/junit/platform/junit-platform-suite/1.9.3/junit-platform-suite-1.9.3.jar:/Users/ajayjogiya/.m2/repository/org/junit/platform/junit-platform-suite-api/1.9.3/junit-platform-suite-api-1.9.3.jar:/Users/ajayjogiya/.m2/repository/org/junit/platform/junit-platform-suite-engine/1.9.3/junit-platform-suite-engine-1.9.3.jar:/Users/ajayjogiya/.m2/repository/org/junit/platform/junit-platform-suite-commons/1.9.3/junit-platform-suite-commons-1.9.3.jar:/Users/ajayjogiya/.m2/repository/org/junit/platform/junit-platform-launcher/1.9.3/junit-platform-launcher-1.9.3.jar:/Users/ajayjogiya/.m2/repository/org/junit/jupiter/junit-jupiter/5.9.3/junit-jupiter-5.9.3.jar:/Users/ajayjogiya/.m2/repository/org/junit/jupiter/junit-jupiter-api/5.9.3/junit-jupiter-api-5.9.3.jar:/Users/ajayjogiya/.m2/repository/org/junit/jupiter/junit-jupiter-params/5.9.3/junit-jupiter-params-5.9.3.jar:/Users/ajayjogiya/.m2/repository/org/junit/jupiter/junit-jupiter-engine/5.9.3/junit-jupiter-engine-5.9.3.jar:"/>
    <property name="sun.cpu.endian" value="little"/>
    <property name="user.home" value="/Users/ajayjogiya"/>
    <property name="user.language" value="en"/>
    <property name="java.specification.vendor" value="Oracle Corporation"/>
    <property name="java.version.date" value="2023-04-18"/>
    <property name="java.home" value="/opt/homebrew/Cellar/openjdk/20.0.1/libexec/openjdk.jdk/Contents/Home"/>
    <property name="file.separator" value="/"/>
    <property name="basedir" value="/Users/ajayjogiya/ajy/hokage/javaPractice/exam"/>
    <property name="java.vm.compressedOopsMode" value="Zero based"/>
    <property name="line.separator" value="&#10;"/>
    <property name="java.vm.specification.vendor" value="Oracle Corporation"/>
    <property name="java.specification.name" value="Java Platform API Specification"/>
    <property name="apple.awt.application.name" value="ForkedBooter"/>
    <property name="surefire.real.class.path" value="/Users/ajayjogiya/ajy/hokage/javaPractice/exam/target/surefire/surefirebooter-20230911084308364_3.jar"/>
    <property name="sun.management.compiler" value="HotSpot 64-Bit Tiered Compilers"/>
    <property name="ftp.nonProxyHosts" value="local|*.local|169.254/16|*.169.254/16"/>
    <property name="java.runtime.version" value="20.0.1"/>
    <property name="user.name" value="ajayjogiya"/>
    <property name="stdout.encoding" value="UTF-8"/>
    <property name="path.separator" value=":"/>
    <property name="os.version" value="13.5.1"/>
    <property name="java.runtime.name" value="OpenJDK Runtime Environment"/>
    <property name="file.encoding" value="UTF-8"/>
    <property name="java.vm.name" value="OpenJDK 64-Bit Server VM"/>
    <property name="java.vendor.version" value="Homebrew"/>
    <property name="localRepository" value="/Users/ajayjogiya/.m2/repository"/>
    <property name="java.vendor.url.bug" value="https://github.com/Homebrew/homebrew-core/issues"/>
    <property name="java.io.tmpdir" value="/var/folders/qm/v_b588mx3rb30jjqts3h3m200000gn/T/"/>
    <property name="java.version" value="20.0.1"/>
    <property name="user.dir" value="/Users/ajayjogiya/ajy/hokage/javaPractice/exam"/>
    <property name="os.arch" value="aarch64"/>
    <property name="java.vm.specification.name" value="Java Virtual Machine Specification"/>
    <property name="native.encoding" value="UTF-8"/>
    <property name="java.library.path" value="/Users/ajayjogiya/Library/Java/Extensions:/Library/Java/Extensions:/Network/Library/Java/Extensions:/System/Library/Java/Extensions:/usr/lib/java:."/>
    <property name="java.vm.info" value="mixed mode, sharing"/>
    <property name="stderr.encoding" value="UTF-8"/>
    <property name="java.vendor" value="Homebrew"/>
    <property name="java.vm.version" value="20.0.1"/>
    <property name="sun.io.unicode.encoding" value="UnicodeBig"/>
    <property name="socksNonProxyHosts" value="local|*.local|169.254/16|*.169.254/16"/>
    <property name="java.class.version" value="64.0"/>
  </properties>
  <testcase name="Who is copy ninja?" classname="Exam" time="0.042">
    <system-out><![CDATA[
Scenario: Who is copy ninja?                &amp#27;[90m# exam/exam.feature:4&amp#27;[0m
Q-1. Who is known as the 'Copy Ninja'
A. Saske  B. Naruto  C. Kakashi sensei  D. Master Jiraya
  &amp#27;[32mGiven &amp#27;[0m&amp#27;[32mfirst question as who is copy ninja&amp#27;[0m &amp#27;[90m# com.exam.StepDefinitions.first_question_as_who_is_copy_ninja()&amp#27;[0m
  &amp#27;[32mWhen &amp#27;[0m&amp#27;[32mfan enter the option for Kakashi&amp#27;[0m     &amp#27;[90m# com.exam.StepDefinitions.fan_enter_the_option_for_kakashi()&amp#27;[0m
  &amp#27;[32mThen &amp#27;[0m&amp#27;[32mscore should be &amp#27;[0m&amp#27;[32m&amp#27;[1m1&amp#27;[0m                    &amp#27;[90m# com.exam.StepDefinitions.score_should_be(int)&amp#27;[0m
]]></system-out>
  </testcase>
  <testcase name="Fan enters wrong ans" classname="Exam" time="0.002">
    <system-out><![CDATA[
Scenario: Fan enters wrong ans              &amp#27;[90m# exam/exam.feature:9&amp#27;[0m
Q-1. Who is known as the 'Copy Ninja'
A. Saske  B. Naruto  C. Kakashi sensei  D. Master Jiraya
  &amp#27;[32mGiven &amp#27;[0m&amp#27;[32mfirst question as who is copy ninja&amp#27;[0m &amp#27;[90m# com.exam.StepDefinitions.first_question_as_who_is_copy_ninja()&amp#27;[0m
  &amp#27;[32mWhen &amp#27;[0m&amp#27;[32mfan enter the option for Jiraya&amp#27;[0m      &amp#27;[90m# com.exam.StepDefinitions.fan_enter_the_option_for_jiraya()&amp#27;[0m
  &amp#27;[32mThen &amp#27;[0m&amp#27;[32mscore should be &amp#27;[0m&amp#27;[32m&amp#27;[1m0&amp#27;[0m                    &amp#27;[90m# com.exam.StepDefinitions.score_should_be(int)&amp#27;[0m
]]></system-out>
  </testcase>
</testsuite>